0 verbose cli C:\Program Files\nodejs\node.exe C:\Users\Leka\AppData\Roaming\npm\node_modules\npm\bin\npm-cli.js
1 info using npm@8.8.0
2 info using node@v18.16.0
3 timing npm:load:whichnode Completed in 1ms
4 timing config:load:defaults Completed in 2ms
5 timing config:load:file:C:\Users\Leka\AppData\Roaming\npm\node_modules\npm\npmrc Completed in 5ms
6 timing config:load:builtin Completed in 6ms
7 timing config:load:cli Completed in 6ms
8 timing config:load:env Completed in 1ms
9 timing config:load:file:C:\Users\Leka\Desktop\Lab 1\lab_course_1\Project\.npmrc Completed in 1ms
10 timing config:load:project Completed in 6ms
11 timing config:load:file:C:\Users\Leka\.npmrc Completed in 0ms
12 timing config:load:user Completed in 0ms
13 timing config:load:file:C:\Users\Leka\AppData\Roaming\npm\etc\npmrc Completed in 1ms
14 timing config:load:global Completed in 1ms
15 timing config:load:validate Completed in 0ms
16 timing config:load:credentials Completed in 1ms
17 timing config:load:setEnvs Completed in 1ms
18 timing config:load Completed in 25ms
19 timing npm:load:configload Completed in 25ms
20 timing npm:load:mkdirpcache Completed in 2ms
21 timing npm:load:mkdirplogs Completed in 2ms
22 verbose title npm
23 verbose argv "--cache" "clear"
24 timing npm:load:setTitle Completed in 1ms
25 timing config:load:flatten Completed in 4ms
26 timing npm:load:display Completed in 7ms
27 verbose logfile logs-max:10 dir:C:\Users\Leka\Desktop\Lab 1\lab_course_1\Project\clear\_logs
28 verbose logfile C:\Users\Leka\Desktop\Lab 1\lab_course_1\Project\clear\_logs\2023-04-28T21_38_04_520Z-debug-0.log
29 timing npm:load:logFile Completed in 14ms
30 timing npm:load:timers Completed in 0ms
31 timing npm:load:configScope Completed in 0ms
32 timing npm:load Completed in 52ms
33 verbose exit 0
34 timing npm Completed in 71ms
35 verbose code 1
